0 info it worked if it ends with ok
1 verbose cli [ '/usr/bin/node', '/usr/bin/npm', 'install' ]
2 info using npm@1.4.3
3 info using node@v0.10.26
4 verbose node symlink /usr/bin/node
5 warn package.json ppscort@0.0.0 No description
6 warn package.json ppscort@0.0.0 No repository field.
7 warn package.json ppscort@0.0.0 No README data
8 verbose readDependencies using package.json deps
9 verbose install where, deps [ '/media/Datos/Proyectos/ppScort',
9 verbose install   [ 'grunt',
9 verbose install     'grunt-contrib-copy',
9 verbose install     'grunt-contrib-concat',
9 verbose install     'grunt-contrib-uglify',
9 verbose install     'grunt-contrib-jshint',
9 verbose install     'grunt-contrib-cssmin',
9 verbose install     'grunt-contrib-connect',
9 verbose install     'grunt-contrib-clean',
9 verbose install     'grunt-contrib-htmlmin',
9 verbose install     'grunt-bower-install',
9 verbose install     'grunt-contrib-imagemin',
9 verbose install     'grunt-contrib-watch',
9 verbose install     'grunt-rev',
9 verbose install     'grunt-autoprefixer',
9 verbose install     'grunt-usemin',
9 verbose install     'grunt-mocha',
9 verbose install     'grunt-newer',
9 verbose install     'grunt-svgmin',
9 verbose install     'grunt-concurrent',
9 verbose install     'load-grunt-tasks',
9 verbose install     'time-grunt',
9 verbose install     'jshint-stylish' ] ]
10 info preinstall ppscort@0.0.0
11 verbose readDependencies using package.json deps
12 verbose cache add [ 'grunt-contrib-copy@~0.4.1', null ]
13 verbose cache add name=undefined spec="grunt-contrib-copy@~0.4.1" args=["grunt-contrib-copy@~0.4.1",null]
14 verbose parsed url { protocol: null,
14 verbose parsed url   slashes: null,
14 verbose parsed url   auth: null,
14 verbose parsed url   host: null,
14 verbose parsed url   port: null,
14 verbose parsed url   hostname: null,
14 verbose parsed url   hash: null,
14 verbose parsed url   search: null,
14 verbose parsed url   query: null,
14 verbose parsed url   pathname: 'grunt-contrib-copy@~0.4.1',
14 verbose parsed url   path: 'grunt-contrib-copy@~0.4.1',
14 verbose parsed url   href: 'grunt-contrib-copy@~0.4.1' }
15 verbose cache add name="grunt-contrib-copy" spec="~0.4.1" args=["grunt-contrib-copy","~0.4.1"]
16 verbose parsed url { protocol: null,
16 verbose parsed url   slashes: null,
16 verbose parsed url   auth: null,
16 verbose parsed url   host: null,
16 verbose parsed url   port: null,
16 verbose parsed url   hostname: null,
16 verbose parsed url   hash: null,
16 verbose parsed url   search: null,
16 verbose parsed url   query: null,
16 verbose parsed url   pathname: '~0.4.1',
16 verbose parsed url   path: '~0.4.1',
16 verbose parsed url   href: '~0.4.1' }
17 verbose addNamed [ 'grunt-contrib-copy', '~0.4.1' ]
18 verbose addNamed [ null, '>=0.4.1-0 <0.5.0-0' ]
19 verbose cache add [ 'grunt-contrib-concat@~0.3.0', null ]
20 verbose cache add name=undefined spec="grunt-contrib-concat@~0.3.0" args=["grunt-contrib-concat@~0.3.0",null]
21 verbose parsed url { protocol: null,
21 verbose parsed url   slashes: null,
21 verbose parsed url   auth: null,
21 verbose parsed url   host: null,
21 verbose parsed url   port: null,
21 verbose parsed url   hostname: null,
21 verbose parsed url   hash: null,
21 verbose parsed url   search: null,
21 verbose parsed url   query: null,
21 verbose parsed url   pathname: 'grunt-contrib-concat@~0.3.0',
21 verbose parsed url   path: 'grunt-contrib-concat@~0.3.0',
21 verbose parsed url   href: 'grunt-contrib-concat@~0.3.0' }
22 verbose cache add name="grunt-contrib-concat" spec="~0.3.0" args=["grunt-contrib-concat","~0.3.0"]
23 verbose parsed url { protocol: null,
23 verbose parsed url   slashes: null,
23 verbose parsed url   auth: null,
23 verbose parsed url   host: null,
23 verbose parsed url   port: null,
23 verbose parsed url   hostname: null,
23 verbose parsed url   hash: null,
23 verbose parsed url   search: null,
23 verbose parsed url   query: null,
23 verbose parsed url   pathname: '~0.3.0',
23 verbose parsed url   path: '~0.3.0',
23 verbose parsed url   href: '~0.3.0' }
24 verbose addNamed [ 'grunt-contrib-concat', '~0.3.0' ]
25 verbose addNamed [ null, '>=0.3.0-0 <0.4.0-0' ]
26 silly lockFile c84f658a-grunt-contrib-copy-0-4-1 grunt-contrib-copy@~0.4.1
27 verbose lock grunt-contrib-copy@~0.4.1 /home/cquin22/.npm/c84f658a-grunt-contrib-copy-0-4-1.lock
28 silly lockFile 0e44e68e-grunt-contrib-concat-0-3-0 grunt-contrib-concat@~0.3.0
29 verbose lock grunt-contrib-concat@~0.3.0 /home/cquin22/.npm/0e44e68e-grunt-contrib-concat-0-3-0.lock
30 verbose cache add [ 'grunt-contrib-connect@~0.5.0', null ]
31 verbose cache add name=undefined spec="grunt-contrib-connect@~0.5.0" args=["grunt-contrib-connect@~0.5.0",null]
32 verbose parsed url { protocol: null,
32 verbose parsed url   slashes: null,
32 verbose parsed url   auth: null,
32 verbose parsed url   host: null,
32 verbose parsed url   port: null,
32 verbose parsed url   hostname: null,
32 verbose parsed url   hash: null,
32 verbose parsed url   search: null,
32 verbose parsed url   query: null,
32 verbose parsed url   pathname: 'grunt-contrib-connect@~0.5.0',
32 verbose parsed url   path: 'grunt-contrib-connect@~0.5.0',
32 verbose parsed url   href: 'grunt-contrib-connect@~0.5.0' }
33 verbose cache add name="grunt-contrib-connect" spec="~0.5.0" args=["grunt-contrib-connect","~0.5.0"]
34 verbose parsed url { protocol: null,
34 verbose parsed url   slashes: null,
34 verbose parsed url   auth: null,
34 verbose parsed url   host: null,
34 verbose parsed url   port: null,
34 verbose parsed url   hostname: null,
34 verbose parsed url   hash: null,
34 verbose parsed url   search: null,
34 verbose parsed url   query: null,
34 verbose parsed url   pathname: '~0.5.0',
34 verbose parsed url   path: '~0.5.0',
34 verbose parsed url   href: '~0.5.0' }
35 verbose addNamed [ 'grunt-contrib-connect', '~0.5.0' ]
36 verbose addNamed [ null, '>=0.5.0-0 <0.6.0-0' ]
37 silly lockFile bc7bae3b-grunt-contrib-connect-0-5-0 grunt-contrib-connect@~0.5.0
38 verbose lock grunt-contrib-connect@~0.5.0 /home/cquin22/.npm/bc7bae3b-grunt-contrib-connect-0-5-0.lock
39 verbose cache add [ 'grunt-contrib-uglify@~0.2.0', null ]
40 verbose cache add name=undefined spec="grunt-contrib-uglify@~0.2.0" args=["grunt-contrib-uglify@~0.2.0",null]
41 verbose parsed url { protocol: null,
41 verbose parsed url   slashes: null,
41 verbose parsed url   auth: null,
41 verbose parsed url   host: null,
41 verbose parsed url   port: null,
41 verbose parsed url   hostname: null,
41 verbose parsed url   hash: null,
41 verbose parsed url   search: null,
41 verbose parsed url   query: null,
41 verbose parsed url   pathname: 'grunt-contrib-uglify@~0.2.0',
41 verbose parsed url   path: 'grunt-contrib-uglify@~0.2.0',
41 verbose parsed url   href: 'grunt-contrib-uglify@~0.2.0' }
42 verbose cache add name="grunt-contrib-uglify" spec="~0.2.0" args=["grunt-contrib-uglify","~0.2.0"]
43 verbose parsed url { protocol: null,
43 verbose parsed url   slashes: null,
43 verbose parsed url   auth: null,
43 verbose parsed url   host: null,
43 verbose parsed url   port: null,
43 verbose parsed url   hostname: null,
43 verbose parsed url   hash: null,
43 verbose parsed url   search: null,
43 verbose parsed url   query: null,
43 verbose parsed url   pathname: '~0.2.0',
43 verbose parsed url   path: '~0.2.0',
43 verbose parsed url   href: '~0.2.0' }
44 verbose addNamed [ 'grunt-contrib-uglify', '~0.2.0' ]
45 verbose addNamed [ null, '>=0.2.0-0 <0.3.0-0' ]
46 silly lockFile 2cc6dac2-grunt-contrib-uglify-0-2-0 grunt-contrib-uglify@~0.2.0
47 verbose lock grunt-contrib-uglify@~0.2.0 /home/cquin22/.npm/2cc6dac2-grunt-contrib-uglify-0-2-0.lock
48 verbose cache add [ 'grunt-contrib-clean@~0.5.0', null ]
49 verbose cache add name=undefined spec="grunt-contrib-clean@~0.5.0" args=["grunt-contrib-clean@~0.5.0",null]
50 verbose parsed url { protocol: null,
50 verbose parsed url   slashes: null,
50 verbose parsed url   auth: null,
50 verbose parsed url   host: null,
50 verbose parsed url   port: null,
50 verbose parsed url   hostname: null,
50 verbose parsed url   hash: null,
50 verbose parsed url   search: null,
50 verbose parsed url   query: null,
50 verbose parsed url   pathname: 'grunt-contrib-clean@~0.5.0',
50 verbose parsed url   path: 'grunt-contrib-clean@~0.5.0',
50 verbose parsed url   href: 'grunt-contrib-clean@~0.5.0' }
51 verbose cache add name="grunt-contrib-clean" spec="~0.5.0" args=["grunt-contrib-clean","~0.5.0"]
52 verbose parsed url { protocol: null,
52 verbose parsed url   slashes: null,
52 verbose parsed url   auth: null,
52 verbose parsed url   host: null,
52 verbose parsed url   port: null,
52 verbose parsed url   hostname: null,
52 verbose parsed url   hash: null,
52 verbose parsed url   search: null,
52 verbose parsed url   query: null,
52 verbose parsed url   pathname: '~0.5.0',
52 verbose parsed url   path: '~0.5.0',
52 verbose parsed url   href: '~0.5.0' }
53 verbose addNamed [ 'grunt-contrib-clean', '~0.5.0' ]
54 verbose addNamed [ null, '>=0.5.0-0 <0.6.0-0' ]
55 silly lockFile 83f743bc-grunt-contrib-clean-0-5-0 grunt-contrib-clean@~0.5.0
56 verbose lock grunt-contrib-clean@~0.5.0 /home/cquin22/.npm/83f743bc-grunt-contrib-clean-0-5-0.lock
57 verbose cache add [ 'grunt-contrib-jshint@~0.7.0', null ]
58 verbose cache add name=undefined spec="grunt-contrib-jshint@~0.7.0" args=["grunt-contrib-jshint@~0.7.0",null]
59 verbose parsed url { protocol: null,
59 verbose parsed url   slashes: null,
59 verbose parsed url   auth: null,
59 verbose parsed url   host: null,
59 verbose parsed url   port: null,
59 verbose parsed url   hostname: null,
59 verbose parsed url   hash: null,
59 verbose parsed url   search: null,
59 verbose parsed url   query: null,
59 verbose parsed url   pathname: 'grunt-contrib-jshint@~0.7.0',
59 verbose parsed url   path: 'grunt-contrib-jshint@~0.7.0',
59 verbose parsed url   href: 'grunt-contrib-jshint@~0.7.0' }
60 verbose cache add name="grunt-contrib-jshint" spec="~0.7.0" args=["grunt-contrib-jshint","~0.7.0"]
61 verbose parsed url { protocol: null,
61 verbose parsed url   slashes: null,
61 verbose parsed url   auth: null,
61 verbose parsed url   host: null,
61 verbose parsed url   port: null,
61 verbose parsed url   hostname: null,
61 verbose parsed url   hash: null,
61 verbose parsed url   search: null,
61 verbose parsed url   query: null,
61 verbose parsed url   pathname: '~0.7.0',
61 verbose parsed url   path: '~0.7.0',
61 verbose parsed url   href: '~0.7.0' }
62 verbose addNamed [ 'grunt-contrib-jshint', '~0.7.0' ]
63 verbose addNamed [ null, '>=0.7.0-0 <0.8.0-0' ]
64 silly lockFile c1ebcc7c-grunt-contrib-jshint-0-7-0 grunt-contrib-jshint@~0.7.0
65 verbose lock grunt-contrib-jshint@~0.7.0 /home/cquin22/.npm/c1ebcc7c-grunt-contrib-jshint-0-7-0.lock
66 verbose cache add [ 'grunt-contrib-htmlmin@~0.1.3', null ]
67 verbose cache add name=undefined spec="grunt-contrib-htmlmin@~0.1.3" args=["grunt-contrib-htmlmin@~0.1.3",null]
68 verbose parsed url { protocol: null,
68 verbose parsed url   slashes: null,
68 verbose parsed url   auth: null,
68 verbose parsed url   host: null,
68 verbose parsed url   port: null,
68 verbose parsed url   hostname: null,
68 verbose parsed url   hash: null,
68 verbose parsed url   search: null,
68 verbose parsed url   query: null,
68 verbose parsed url   pathname: 'grunt-contrib-htmlmin@~0.1.3',
68 verbose parsed url   path: 'grunt-contrib-htmlmin@~0.1.3',
68 verbose parsed url   href: 'grunt-contrib-htmlmin@~0.1.3' }
69 verbose cache add name="grunt-contrib-htmlmin" spec="~0.1.3" args=["grunt-contrib-htmlmin","~0.1.3"]
70 verbose parsed url { protocol: null,
70 verbose parsed url   slashes: null,
70 verbose parsed url   auth: null,
70 verbose parsed url   host: null,
70 verbose parsed url   port: null,
70 verbose parsed url   hostname: null,
70 verbose parsed url   hash: null,
70 verbose parsed url   search: null,
70 verbose parsed url   query: null,
70 verbose parsed url   pathname: '~0.1.3',
70 verbose parsed url   path: '~0.1.3',
70 verbose parsed url   href: '~0.1.3' }
71 verbose addNamed [ 'grunt-contrib-htmlmin', '~0.1.3' ]
72 verbose addNamed [ null, '>=0.1.3-0 <0.2.0-0' ]
73 silly lockFile 2f1223f9-grunt-contrib-htmlmin-0-1-3 grunt-contrib-htmlmin@~0.1.3
74 verbose lock grunt-contrib-htmlmin@~0.1.3 /home/cquin22/.npm/2f1223f9-grunt-contrib-htmlmin-0-1-3.lock
75 verbose cache add [ 'grunt-bower-install@~1.0.0', null ]
76 verbose cache add name=undefined spec="grunt-bower-install@~1.0.0" args=["grunt-bower-install@~1.0.0",null]
77 verbose parsed url { protocol: null,
77 verbose parsed url   slashes: null,
77 verbose parsed url   auth: null,
77 verbose parsed url   host: null,
77 verbose parsed url   port: null,
77 verbose parsed url   hostname: null,
77 verbose parsed url   hash: null,
77 verbose parsed url   search: null,
77 verbose parsed url   query: null,
77 verbose parsed url   pathname: 'grunt-bower-install@~1.0.0',
77 verbose parsed url   path: 'grunt-bower-install@~1.0.0',
77 verbose parsed url   href: 'grunt-bower-install@~1.0.0' }
78 verbose cache add name="grunt-bower-install" spec="~1.0.0" args=["grunt-bower-install","~1.0.0"]
79 verbose parsed url { protocol: null,
79 verbose parsed url   slashes: null,
79 verbose parsed url   auth: null,
79 verbose parsed url   host: null,
79 verbose parsed url   port: null,
79 verbose parsed url   hostname: null,
79 verbose parsed url   hash: null,
79 verbose parsed url   search: null,
79 verbose parsed url   query: null,
79 verbose parsed url   pathname: '~1.0.0',
79 verbose parsed url   path: '~1.0.0',
79 verbose parsed url   href: '~1.0.0' }
80 verbose addNamed [ 'grunt-bower-install', '~1.0.0' ]
81 verbose addNamed [ null, '>=1.0.0-0 <1.1.0-0' ]
82 silly lockFile cce4ff9b-grunt-bower-install-1-0-0 grunt-bower-install@~1.0.0
83 verbose lock grunt-bower-install@~1.0.0 /home/cquin22/.npm/cce4ff9b-grunt-bower-install-1-0-0.lock
84 verbose cache add [ 'grunt-contrib-cssmin@~0.7.0', null ]
85 verbose cache add name=undefined spec="grunt-contrib-cssmin@~0.7.0" args=["grunt-contrib-cssmin@~0.7.0",null]
86 verbose parsed url { protocol: null,
86 verbose parsed url   slashes: null,
86 verbose parsed url   auth: null,
86 verbose parsed url   host: null,
86 verbose parsed url   port: null,
86 verbose parsed url   hostname: null,
86 verbose parsed url   hash: null,
86 verbose parsed url   search: null,
86 verbose parsed url   query: null,
86 verbose parsed url   pathname: 'grunt-contrib-cssmin@~0.7.0',
86 verbose parsed url   path: 'grunt-contrib-cssmin@~0.7.0',
86 verbose parsed url   href: 'grunt-contrib-cssmin@~0.7.0' }
87 verbose cache add name="grunt-contrib-cssmin" spec="~0.7.0" args=["grunt-contrib-cssmin","~0.7.0"]
88 verbose parsed url { protocol: null,
88 verbose parsed url   slashes: null,
88 verbose parsed url   auth: null,
88 verbose parsed url   host: null,
88 verbose parsed url   port: null,
88 verbose parsed url   hostname: null,
88 verbose parsed url   hash: null,
88 verbose parsed url   search: null,
88 verbose parsed url   query: null,
88 verbose parsed url   pathname: '~0.7.0',
88 verbose parsed url   path: '~0.7.0',
88 verbose parsed url   href: '~0.7.0' }
89 verbose addNamed [ 'grunt-contrib-cssmin', '~0.7.0' ]
90 verbose addNamed [ null, '>=0.7.0-0 <0.8.0-0' ]
91 silly lockFile 77b758e3-grunt-contrib-cssmin-0-7-0 grunt-contrib-cssmin@~0.7.0
92 verbose lock grunt-contrib-cssmin@~0.7.0 /home/cquin22/.npm/77b758e3-grunt-contrib-cssmin-0-7-0.lock
93 verbose cache add [ 'grunt-contrib-imagemin@~0.5.0', null ]
94 verbose cache add name=undefined spec="grunt-contrib-imagemin@~0.5.0" args=["grunt-contrib-imagemin@~0.5.0",null]
95 verbose parsed url { protocol: null,
95 verbose parsed url   slashes: null,
95 verbose parsed url   auth: null,
95 verbose parsed url   host: null,
95 verbose parsed url   port: null,
95 verbose parsed url   hostname: null,
95 verbose parsed url   hash: null,
95 verbose parsed url   search: null,
95 verbose parsed url   query: null,
95 verbose parsed url   pathname: 'grunt-contrib-imagemin@~0.5.0',
95 verbose parsed url   path: 'grunt-contrib-imagemin@~0.5.0',
95 verbose parsed url   href: 'grunt-contrib-imagemin@~0.5.0' }
96 verbose cache add name="grunt-contrib-imagemin" spec="~0.5.0" args=["grunt-contrib-imagemin","~0.5.0"]
97 verbose parsed url { protocol: null,
97 verbose parsed url   slashes: null,
97 verbose parsed url   auth: null,
97 verbose parsed url   host: null,
97 verbose parsed url   port: null,
97 verbose parsed url   hostname: null,
97 verbose parsed url   hash: null,
97 verbose parsed url   search: null,
97 verbose parsed url   query: null,
97 verbose parsed url   pathname: '~0.5.0',
97 verbose parsed url   path: '~0.5.0',
97 verbose parsed url   href: '~0.5.0' }
98 verbose addNamed [ 'grunt-contrib-imagemin', '~0.5.0' ]
99 verbose addNamed [ null, '>=0.5.0-0 <0.6.0-0' ]
100 silly lockFile 56c73281-grunt-contrib-imagemin-0-5-0 grunt-contrib-imagemin@~0.5.0
101 verbose lock grunt-contrib-imagemin@~0.5.0 /home/cquin22/.npm/56c73281-grunt-contrib-imagemin-0-5-0.lock
102 verbose cache add [ 'grunt-contrib-watch@~0.5.2', null ]
103 verbose cache add name=undefined spec="grunt-contrib-watch@~0.5.2" args=["grunt-contrib-watch@~0.5.2",null]
104 verbose parsed url { protocol: null,
104 verbose parsed url   slashes: null,
104 verbose parsed url   auth: null,
104 verbose parsed url   host: null,
104 verbose parsed url   port: null,
104 verbose parsed url   hostname: null,
104 verbose parsed url   hash: null,
104 verbose parsed url   search: null,
104 verbose parsed url   query: null,
104 verbose parsed url   pathname: 'grunt-contrib-watch@~0.5.2',
104 verbose parsed url   path: 'grunt-contrib-watch@~0.5.2',
104 verbose parsed url   href: 'grunt-contrib-watch@~0.5.2' }
105 verbose cache add name="grunt-contrib-watch" spec="~0.5.2" args=["grunt-contrib-watch","~0.5.2"]
106 verbose parsed url { protocol: null,
106 verbose parsed url   slashes: null,
106 verbose parsed url   auth: null,
106 verbose parsed url   host: null,
106 verbose parsed url   port: null,
106 verbose parsed url   hostname: null,
106 verbose parsed url   hash: null,
106 verbose parsed url   search: null,
106 verbose parsed url   query: null,
106 verbose parsed url   pathname: '~0.5.2',
106 verbose parsed url   path: '~0.5.2',
106 verbose parsed url   href: '~0.5.2' }
107 verbose addNamed [ 'grunt-contrib-watch', '~0.5.2' ]
108 verbose addNamed [ null, '>=0.5.2-0 <0.6.0-0' ]
109 silly lockFile a6069a13-grunt-contrib-watch-0-5-2 grunt-contrib-watch@~0.5.2
110 verbose lock grunt-contrib-watch@~0.5.2 /home/cquin22/.npm/a6069a13-grunt-contrib-watch-0-5-2.lock
111 verbose cache add [ 'grunt-rev@~0.1.0', null ]
112 verbose cache add name=undefined spec="grunt-rev@~0.1.0" args=["grunt-rev@~0.1.0",null]
113 verbose parsed url { protocol: null,
113 verbose parsed url   slashes: null,
113 verbose parsed url   auth: null,
113 verbose parsed url   host: null,
113 verbose parsed url   port: null,
113 verbose parsed url   hostname: null,
113 verbose parsed url   hash: null,
113 verbose parsed url   search: null,
113 verbose parsed url   query: null,
113 verbose parsed url   pathname: 'grunt-rev@~0.1.0',
113 verbose parsed url   path: 'grunt-rev@~0.1.0',
113 verbose parsed url   href: 'grunt-rev@~0.1.0' }
114 verbose cache add name="grunt-rev" spec="~0.1.0" args=["grunt-rev","~0.1.0"]
115 verbose parsed url { protocol: null,
115 verbose parsed url   slashes: null,
115 verbose parsed url   auth: null,
115 verbose parsed url   host: null,
115 verbose parsed url   port: null,
115 verbose parsed url   hostname: null,
115 verbose parsed url   hash: null,
115 verbose parsed url   search: null,
115 verbose parsed url   query: null,
115 verbose parsed url   pathname: '~0.1.0',
115 verbose parsed url   path: '~0.1.0',
115 verbose parsed url   href: '~0.1.0' }
116 verbose addNamed [ 'grunt-rev', '~0.1.0' ]
117 verbose addNamed [ null, '>=0.1.0-0 <0.2.0-0' ]
118 silly lockFile a3a49760-grunt-rev-0-1-0 grunt-rev@~0.1.0
119 verbose lock grunt-rev@~0.1.0 /home/cquin22/.npm/a3a49760-grunt-rev-0-1-0.lock
120 verbose cache add [ 'grunt-autoprefixer@~0.5.0', null ]
121 verbose cache add name=undefined spec="grunt-autoprefixer@~0.5.0" args=["grunt-autoprefixer@~0.5.0",null]
122 verbose parsed url { protocol: null,
122 verbose parsed url   slashes: null,
122 verbose parsed url   auth: null,
122 verbose parsed url   host: null,
122 verbose parsed url   port: null,
122 verbose parsed url   hostname: null,
122 verbose parsed url   hash: null,
122 verbose parsed url   search: null,
122 verbose parsed url   query: null,
122 verbose parsed url   pathname: 'grunt-autoprefixer@~0.5.0',
122 verbose parsed url   path: 'grunt-autoprefixer@~0.5.0',
122 verbose parsed url   href: 'grunt-autoprefixer@~0.5.0' }
123 verbose cache add name="grunt-autoprefixer" spec="~0.5.0" args=["grunt-autoprefixer","~0.5.0"]
124 verbose parsed url { protocol: null,
124 verbose parsed url   slashes: null,
124 verbose parsed url   auth: null,
124 verbose parsed url   host: null,
124 verbose parsed url   port: null,
124 verbose parsed url   hostname: null,
124 verbose parsed url   hash: null,
124 verbose parsed url   search: null,
124 verbose parsed url   query: null,
124 verbose parsed url   pathname: '~0.5.0',
124 verbose parsed url   path: '~0.5.0',
124 verbose parsed url   href: '~0.5.0' }
125 verbose addNamed [ 'grunt-autoprefixer', '~0.5.0' ]
126 verbose addNamed [ null, '>=0.5.0-0 <0.6.0-0' ]
127 silly lockFile 4e39e220-grunt-autoprefixer-0-5-0 grunt-autoprefixer@~0.5.0
128 verbose lock grunt-autoprefixer@~0.5.0 /home/cquin22/.npm/4e39e220-grunt-autoprefixer-0-5-0.lock
129 verbose cache add [ 'grunt-usemin@~2.0.0', null ]
130 verbose cache add name=undefined spec="grunt-usemin@~2.0.0" args=["grunt-usemin@~2.0.0",null]
131 verbose parsed url { protocol: null,
131 verbose parsed url   slashes: null,
131 verbose parsed url   auth: null,
131 verbose parsed url   host: null,
131 verbose parsed url   port: null,
131 verbose parsed url   hostname: null,
131 verbose parsed url   hash: null,
131 verbose parsed url   search: null,
131 verbose parsed url   query: null,
131 verbose parsed url   pathname: 'grunt-usemin@~2.0.0',
131 verbose parsed url   path: 'grunt-usemin@~2.0.0',
131 verbose parsed url   href: 'grunt-usemin@~2.0.0' }
132 verbose cache add name="grunt-usemin" spec="~2.0.0" args=["grunt-usemin","~2.0.0"]
133 verbose parsed url { protocol: null,
133 verbose parsed url   slashes: null,
133 verbose parsed url   auth: null,
133 verbose parsed url   host: null,
133 verbose parsed url   port: null,
133 verbose parsed url   hostname: null,
133 verbose parsed url   hash: null,
133 verbose parsed url   search: null,
133 verbose parsed url   query: null,
133 verbose parsed url   pathname: '~2.0.0',
133 verbose parsed url   path: '~2.0.0',
133 verbose parsed url   href: '~2.0.0' }
134 verbose addNamed [ 'grunt-usemin', '~2.0.0' ]
135 verbose addNamed [ null, '>=2.0.0-0 <2.1.0-0' ]
136 silly lockFile d4f70bcd-grunt-usemin-2-0-0 grunt-usemin@~2.0.0
137 verbose lock grunt-usemin@~2.0.0 /home/cquin22/.npm/d4f70bcd-grunt-usemin-2-0-0.lock
138 verbose cache add [ 'grunt-mocha@~0.4.0', null ]
139 verbose cache add name=undefined spec="grunt-mocha@~0.4.0" args=["grunt-mocha@~0.4.0",null]
140 verbose parsed url { protocol: null,
140 verbose parsed url   slashes: null,
140 verbose parsed url   auth: null,
140 verbose parsed url   host: null,
140 verbose parsed url   port: null,
140 verbose parsed url   hostname: null,
140 verbose parsed url   hash: null,
140 verbose parsed url   search: null,
140 verbose parsed url   query: null,
140 verbose parsed url   pathname: 'grunt-mocha@~0.4.0',
140 verbose parsed url   path: 'grunt-mocha@~0.4.0',
140 verbose parsed url   href: 'grunt-mocha@~0.4.0' }
141 verbose cache add name="grunt-mocha" spec="~0.4.0" args=["grunt-mocha","~0.4.0"]
142 verbose parsed url { protocol: null,
142 verbose parsed url   slashes: null,
142 verbose parsed url   auth: null,
142 verbose parsed url   host: null,
142 verbose parsed url   port: null,
142 verbose parsed url   hostname: null,
142 verbose parsed url   hash: null,
142 verbose parsed url   search: null,
142 verbose parsed url   query: null,
142 verbose parsed url   pathname: '~0.4.0',
142 verbose parsed url   path: '~0.4.0',
142 verbose parsed url   href: '~0.4.0' }
143 verbose addNamed [ 'grunt-mocha', '~0.4.0' ]
144 verbose addNamed [ null, '>=0.4.0-0 <0.5.0-0' ]
145 silly lockFile 4854fb45-grunt-mocha-0-4-0 grunt-mocha@~0.4.0
146 verbose lock grunt-mocha@~0.4.0 /home/cquin22/.npm/4854fb45-grunt-mocha-0-4-0.lock
147 verbose cache add [ 'grunt-newer@~0.6.0', null ]
148 verbose cache add name=undefined spec="grunt-newer@~0.6.0" args=["grunt-newer@~0.6.0",null]
149 verbose parsed url { protocol: null,
149 verbose parsed url   slashes: null,
149 verbose parsed url   auth: null,
149 verbose parsed url   host: null,
149 verbose parsed url   port: null,
149 verbose parsed url   hostname: null,
149 verbose parsed url   hash: null,
149 verbose parsed url   search: null,
149 verbose parsed url   query: null,
149 verbose parsed url   pathname: 'grunt-newer@~0.6.0',
149 verbose parsed url   path: 'grunt-newer@~0.6.0',
149 verbose parsed url   href: 'grunt-newer@~0.6.0' }
150 verbose cache add name="grunt-newer" spec="~0.6.0" args=["grunt-newer","~0.6.0"]
151 verbose parsed url { protocol: null,
151 verbose parsed url   slashes: null,
151 verbose parsed url   auth: null,
151 verbose parsed url   host: null,
151 verbose parsed url   port: null,
151 verbose parsed url   hostname: null,
151 verbose parsed url   hash: null,
151 verbose parsed url   search: null,
151 verbose parsed url   query: null,
151 verbose parsed url   pathname: '~0.6.0',
151 verbose parsed url   path: '~0.6.0',
151 verbose parsed url   href: '~0.6.0' }
152 verbose addNamed [ 'grunt-newer', '~0.6.0' ]
153 verbose addNamed [ null, '>=0.6.0-0 <0.7.0-0' ]
154 silly lockFile c36710c7-grunt-newer-0-6-0 grunt-newer@~0.6.0
155 verbose lock grunt-newer@~0.6.0 /home/cquin22/.npm/c36710c7-grunt-newer-0-6-0.lock
156 verbose cache add [ 'grunt-svgmin@~0.2.0', null ]
157 verbose cache add name=undefined spec="grunt-svgmin@~0.2.0" args=["grunt-svgmin@~0.2.0",null]
158 verbose parsed url { protocol: null,
158 verbose parsed url   slashes: null,
158 verbose parsed url   auth: null,
158 verbose parsed url   host: null,
158 verbose parsed url   port: null,
158 verbose parsed url   hostname: null,
158 verbose parsed url   hash: null,
158 verbose parsed url   search: null,
158 verbose parsed url   query: null,
158 verbose parsed url   pathname: 'grunt-svgmin@~0.2.0',
158 verbose parsed url   path: 'grunt-svgmin@~0.2.0',
158 verbose parsed url   href: 'grunt-svgmin@~0.2.0' }
159 verbose cache add name="grunt-svgmin" spec="~0.2.0" args=["grunt-svgmin","~0.2.0"]
160 verbose parsed url { protocol: null,
160 verbose parsed url   slashes: null,
160 verbose parsed url   auth: null,
160 verbose parsed url   host: null,
160 verbose parsed url   port: null,
160 verbose parsed url   hostname: null,
160 verbose parsed url   hash: null,
160 verbose parsed url   search: null,
160 verbose parsed url   query: null,
160 verbose parsed url   pathname: '~0.2.0',
160 verbose parsed url   path: '~0.2.0',
160 verbose parsed url   href: '~0.2.0' }
161 verbose addNamed [ 'grunt-svgmin', '~0.2.0' ]
162 verbose addNamed [ null, '>=0.2.0-0 <0.3.0-0' ]
163 silly lockFile fefef466-grunt-svgmin-0-2-0 grunt-svgmin@~0.2.0
164 verbose lock grunt-svgmin@~0.2.0 /home/cquin22/.npm/fefef466-grunt-svgmin-0-2-0.lock
165 verbose cache add [ 'grunt-concurrent@~0.4.0', null ]
166 verbose cache add name=undefined spec="grunt-concurrent@~0.4.0" args=["grunt-concurrent@~0.4.0",null]
167 verbose parsed url { protocol: null,
167 verbose parsed url   slashes: null,
167 verbose parsed url   auth: null,
167 verbose parsed url   host: null,
167 verbose parsed url   port: null,
167 verbose parsed url   hostname: null,
167 verbose parsed url   hash: null,
167 verbose parsed url   search: null,
167 verbose parsed url   query: null,
167 verbose parsed url   pathname: 'grunt-concurrent@~0.4.0',
167 verbose parsed url   path: 'grunt-concurrent@~0.4.0',
167 verbose parsed url   href: 'grunt-concurrent@~0.4.0' }
168 verbose cache add name="grunt-concurrent" spec="~0.4.0" args=["grunt-concurrent","~0.4.0"]
169 verbose parsed url { protocol: null,
169 verbose parsed url   slashes: null,
169 verbose parsed url   auth: null,
169 verbose parsed url   host: null,
169 verbose parsed url   port: null,
169 verbose parsed url   hostname: null,
169 verbose parsed url   hash: null,
169 verbose parsed url   search: null,
169 verbose parsed url   query: null,
169 verbose parsed url   pathname: '~0.4.0',
169 verbose parsed url   path: '~0.4.0',
169 verbose parsed url   href: '~0.4.0' }
170 verbose addNamed [ 'grunt-concurrent', '~0.4.0' ]
171 verbose addNamed [ null, '>=0.4.0-0 <0.5.0-0' ]
172 silly lockFile 7dd5095f-grunt-concurrent-0-4-0 grunt-concurrent@~0.4.0
173 verbose lock grunt-concurrent@~0.4.0 /home/cquin22/.npm/7dd5095f-grunt-concurrent-0-4-0.lock
174 verbose cache add [ 'load-grunt-tasks@~0.2.0', null ]
175 verbose cache add name=undefined spec="load-grunt-tasks@~0.2.0" args=["load-grunt-tasks@~0.2.0",null]
176 verbose parsed url { protocol: null,
176 verbose parsed url   slashes: null,
176 verbose parsed url   auth: null,
176 verbose parsed url   host: null,
176 verbose parsed url   port: null,
176 verbose parsed url   hostname: null,
176 verbose parsed url   hash: null,
176 verbose parsed url   search: null,
176 verbose parsed url   query: null,
176 verbose parsed url   pathname: 'load-grunt-tasks@~0.2.0',
176 verbose parsed url   path: 'load-grunt-tasks@~0.2.0',
176 verbose parsed url   href: 'load-grunt-tasks@~0.2.0' }
177 verbose cache add name="load-grunt-tasks" spec="~0.2.0" args=["load-grunt-tasks","~0.2.0"]
178 verbose parsed url { protocol: null,
178 verbose parsed url   slashes: null,
178 verbose parsed url   auth: null,
178 verbose parsed url   host: null,
178 verbose parsed url   port: null,
178 verbose parsed url   hostname: null,
178 verbose parsed url   hash: null,
178 verbose parsed url   search: null,
178 verbose parsed url   query: null,
178 verbose parsed url   pathname: '~0.2.0',
178 verbose parsed url   path: '~0.2.0',
178 verbose parsed url   href: '~0.2.0' }
179 verbose addNamed [ 'load-grunt-tasks', '~0.2.0' ]
180 verbose addNamed [ null, '>=0.2.0-0 <0.3.0-0' ]
181 silly lockFile 2a94459b-load-grunt-tasks-0-2-0 load-grunt-tasks@~0.2.0
182 verbose lock load-grunt-tasks@~0.2.0 /home/cquin22/.npm/2a94459b-load-grunt-tasks-0-2-0.lock
183 verbose cache add [ 'time-grunt@~0.2.0', null ]
184 verbose cache add name=undefined spec="time-grunt@~0.2.0" args=["time-grunt@~0.2.0",null]
185 verbose parsed url { protocol: null,
185 verbose parsed url   slashes: null,
185 verbose parsed url   auth: null,
185 verbose parsed url   host: null,
185 verbose parsed url   port: null,
185 verbose parsed url   hostname: null,
185 verbose parsed url   hash: null,
185 verbose parsed url   search: null,
185 verbose parsed url   query: null,
185 verbose parsed url   pathname: 'time-grunt@~0.2.0',
185 verbose parsed url   path: 'time-grunt@~0.2.0',
185 verbose parsed url   href: 'time-grunt@~0.2.0' }
186 verbose cache add name="time-grunt" spec="~0.2.0" args=["time-grunt","~0.2.0"]
187 verbose parsed url { protocol: null,
187 verbose parsed url   slashes: null,
187 verbose parsed url   auth: null,
187 verbose parsed url   host: null,
187 verbose parsed url   port: null,
187 verbose parsed url   hostname: null,
187 verbose parsed url   hash: null,
187 verbose parsed url   search: null,
187 verbose parsed url   query: null,
187 verbose parsed url   pathname: '~0.2.0',
187 verbose parsed url   path: '~0.2.0',
187 verbose parsed url   href: '~0.2.0' }
188 verbose addNamed [ 'time-grunt', '~0.2.0' ]
189 verbose addNamed [ null, '>=0.2.0-0 <0.3.0-0' ]
190 silly lockFile 8738474a-time-grunt-0-2-0 time-grunt@~0.2.0
191 verbose lock time-grunt@~0.2.0 /home/cquin22/.npm/8738474a-time-grunt-0-2-0.lock
192 verbose cache add [ 'jshint-stylish@~0.1.3', null ]
193 verbose cache add name=undefined spec="jshint-stylish@~0.1.3" args=["jshint-stylish@~0.1.3",null]
194 verbose parsed url { protocol: null,
194 verbose parsed url   slashes: null,
194 verbose parsed url   auth: null,
194 verbose parsed url   host: null,
194 verbose parsed url   port: null,
194 verbose parsed url   hostname: null,
194 verbose parsed url   hash: null,
194 verbose parsed url   search: null,
194 verbose parsed url   query: null,
194 verbose parsed url   pathname: 'jshint-stylish@~0.1.3',
194 verbose parsed url   path: 'jshint-stylish@~0.1.3',
194 verbose parsed url   href: 'jshint-stylish@~0.1.3' }
195 verbose cache add name="jshint-stylish" spec="~0.1.3" args=["jshint-stylish","~0.1.3"]
196 verbose parsed url { protocol: null,
196 verbose parsed url   slashes: null,
196 verbose parsed url   auth: null,
196 verbose parsed url   host: null,
196 verbose parsed url   port: null,
196 verbose parsed url   hostname: null,
196 verbose parsed url   hash: null,
196 verbose parsed url   search: null,
196 verbose parsed url   query: null,
196 verbose parsed url   pathname: '~0.1.3',
196 verbose parsed url   path: '~0.1.3',
196 verbose parsed url   href: '~0.1.3' }
197 verbose addNamed [ 'jshint-stylish', '~0.1.3' ]
198 verbose addNamed [ null, '>=0.1.3-0 <0.2.0-0' ]
199 silly lockFile fe42dd62-jshint-stylish-0-1-3 jshint-stylish@~0.1.3
200 verbose lock jshint-stylish@~0.1.3 /home/cquin22/.npm/fe42dd62-jshint-stylish-0-1-3.lock
201 verbose cache add [ 'grunt@~0.4.1', null ]
202 verbose cache add name=undefined spec="grunt@~0.4.1" args=["grunt@~0.4.1",null]
203 verbose parsed url { protocol: null,
203 verbose parsed url   slashes: null,
203 verbose parsed url   auth: null,
203 verbose parsed url   host: null,
203 verbose parsed url   port: null,
203 verbose parsed url   hostname: null,
203 verbose parsed url   hash: null,
203 verbose parsed url   search: null,
203 verbose parsed url   query: null,
203 verbose parsed url   pathname: 'grunt@~0.4.1',
203 verbose parsed url   path: 'grunt@~0.4.1',
203 verbose parsed url   href: 'grunt@~0.4.1' }
204 verbose cache add name="grunt" spec="~0.4.1" args=["grunt","~0.4.1"]
205 verbose parsed url { protocol: null,
205 verbose parsed url   slashes: null,
205 verbose parsed url   auth: null,
205 verbose parsed url   host: null,
205 verbose parsed url   port: null,
205 verbose parsed url   hostname: null,
205 verbose parsed url   hash: null,
205 verbose parsed url   search: null,
205 verbose parsed url   query: null,
205 verbose parsed url   pathname: '~0.4.1',
205 verbose parsed url   path: '~0.4.1',
205 verbose parsed url   href: '~0.4.1' }
206 verbose addNamed [ 'grunt', '~0.4.1' ]
207 verbose addNamed [ null, '>=0.4.1-0 <0.5.0-0' ]
208 silly lockFile 766a3bd3-grunt-0-4-1 grunt@~0.4.1
209 verbose lock grunt@~0.4.1 /home/cquin22/.npm/766a3bd3-grunt-0-4-1.lock
210 silly addNameRange { name: 'grunt-contrib-copy',
210 silly addNameRange   range: '>=0.4.1-0 <0.5.0-0',
210 silly addNameRange   hasData: false }
211 silly addNameRange { name: 'grunt-contrib-concat',
211 silly addNameRange   range: '>=0.3.0-0 <0.4.0-0',
211 silly addNameRange   hasData: false }
212 silly addNameRange { name: 'grunt-contrib-connect',
212 silly addNameRange   range: '>=0.5.0-0 <0.6.0-0',
212 silly addNameRange   hasData: false }
213 silly addNameRange { name: 'grunt-contrib-uglify',
213 silly addNameRange   range: '>=0.2.0-0 <0.3.0-0',
213 silly addNameRange   hasData: false }
214 silly addNameRange { name: 'grunt-contrib-clean',
214 silly addNameRange   range: '>=0.5.0-0 <0.6.0-0',
214 silly addNameRange   hasData: false }
215 silly addNameRange { name: 'grunt-contrib-jshint',
215 silly addNameRange   range: '>=0.7.0-0 <0.8.0-0',
215 silly addNameRange   hasData: false }
216 silly addNameRange { name: 'grunt-contrib-htmlmin',
216 silly addNameRange   range: '>=0.1.3-0 <0.2.0-0',
216 silly addNameRange   hasData: false }
217 silly addNameRange { name: 'grunt-bower-install',
217 silly addNameRange   range: '>=1.0.0-0 <1.1.0-0',
217 silly addNameRange   hasData: false }
218 silly addNameRange { name: 'grunt-contrib-cssmin',
218 silly addNameRange   range: '>=0.7.0-0 <0.8.0-0',
218 silly addNameRange   hasData: false }
219 silly addNameRange { name: 'grunt-contrib-imagemin',
219 silly addNameRange   range: '>=0.5.0-0 <0.6.0-0',
219 silly addNameRange   hasData: false }
220 silly addNameRange { name: 'grunt-contrib-watch',
220 silly addNameRange   range: '>=0.5.2-0 <0.6.0-0',
220 silly addNameRange   hasData: false }
221 silly addNameRange { name: 'grunt-rev',
221 silly addNameRange   range: '>=0.1.0-0 <0.2.0-0',
221 silly addNameRange   hasData: false }
222 silly addNameRange { name: 'grunt-autoprefixer',
222 silly addNameRange   range: '>=0.5.0-0 <0.6.0-0',
222 silly addNameRange   hasData: false }
223 silly addNameRange { name: 'grunt-usemin',
223 silly addNameRange   range: '>=2.0.0-0 <2.1.0-0',
223 silly addNameRange   hasData: false }
224 silly addNameRange { name: 'grunt-mocha',
224 silly addNameRange   range: '>=0.4.0-0 <0.5.0-0',
224 silly addNameRange   hasData: false }
225 silly addNameRange { name: 'grunt-newer',
225 silly addNameRange   range: '>=0.6.0-0 <0.7.0-0',
225 silly addNameRange   hasData: false }
226 silly addNameRange { name: 'grunt-svgmin',
226 silly addNameRange   range: '>=0.2.0-0 <0.3.0-0',
226 silly addNameRange   hasData: false }
227 silly addNameRange { name: 'grunt-concurrent',
227 silly addNameRange   range: '>=0.4.0-0 <0.5.0-0',
227 silly addNameRange   hasData: false }
228 silly addNameRange { name: 'load-grunt-tasks',
228 silly addNameRange   range: '>=0.2.0-0 <0.3.0-0',
228 silly addNameRange   hasData: false }
229 silly addNameRange { name: 'time-grunt',
229 silly addNameRange   range: '>=0.2.0-0 <0.3.0-0',
229 silly addNameRange   hasData: false }
230 silly addNameRange { name: 'jshint-stylish',
230 silly addNameRange   range: '>=0.1.3-0 <0.2.0-0',
230 silly addNameRange   hasData: false }
231 silly addNameRange { name: 'grunt', range: '>=0.4.1-0 <0.5.0-0', hasData: false }
232 verbose url raw grunt-contrib-uglify
233 verbose url resolving [ 'http://registry.npmjs.org/', './grunt-contrib-uglify' ]
234 verbose url resolved http://registry.npmjs.org/grunt-contrib-uglify
235 info trying registry request attempt 1 at 20:38:26
236 verbose etag "7R89FSU03GS9NTOUJNBKJWWI3"
237 http GET http://registry.npmjs.org/grunt-contrib-uglify
238 verbose url raw grunt-contrib-clean
239 verbose url resolving [ 'http://registry.npmjs.org/', './grunt-contrib-clean' ]
240 verbose url resolved http://registry.npmjs.org/grunt-contrib-clean
241 info trying registry request attempt 1 at 20:38:26
242 verbose etag "5OXLRBMZ7YNK1KT4N5P22PGDI"
243 http GET http://registry.npmjs.org/grunt-contrib-clean
244 verbose url raw grunt-contrib-concat
245 verbose url resolving [ 'http://registry.npmjs.org/', './grunt-contrib-concat' ]
246 verbose url resolved http://registry.npmjs.org/grunt-contrib-concat
247 info trying registry request attempt 1 at 20:38:26
248 verbose etag "4A5E5OS7TAH7B57RX9HKFMNQ8"
249 http GET http://registry.npmjs.org/grunt-contrib-concat
250 verbose url raw grunt-contrib-jshint
251 verbose url resolving [ 'http://registry.npmjs.org/', './grunt-contrib-jshint' ]
252 verbose url resolved http://registry.npmjs.org/grunt-contrib-jshint
253 info trying registry request attempt 1 at 20:38:26
254 verbose etag "CPWGLP92RSUSI3S7ETN9DOQKP"
255 http GET http://registry.npmjs.org/grunt-contrib-jshint
256 verbose url raw grunt-bower-install
257 verbose url resolving [ 'http://registry.npmjs.org/', './grunt-bower-install' ]
258 verbose url resolved http://registry.npmjs.org/grunt-bower-install
259 info trying registry request attempt 1 at 20:38:26
260 verbose etag "B91A0LUDNF5CTPXG3XVWMC96A"
261 http GET http://registry.npmjs.org/grunt-bower-install
262 verbose url raw grunt-contrib-htmlmin
263 verbose url resolving [ 'http://registry.npmjs.org/', './grunt-contrib-htmlmin' ]
264 verbose url resolved http://registry.npmjs.org/grunt-contrib-htmlmin
265 info trying registry request attempt 1 at 20:38:26
266 verbose etag "59PBOYDEB3TEJFB1XDIB0J5D4"
267 http GET http://registry.npmjs.org/grunt-contrib-htmlmin
268 verbose url raw grunt-contrib-cssmin
269 verbose url resolving [ 'http://registry.npmjs.org/', './grunt-contrib-cssmin' ]
270 verbose url resolved http://registry.npmjs.org/grunt-contrib-cssmin
271 info trying registry request attempt 1 at 20:38:26
272 verbose etag "9VWPGQZ3RRE8819G7Z0IZ0CTR"
273 http GET http://registry.npmjs.org/grunt-contrib-cssmin
274 verbose url raw grunt-contrib-imagemin
275 verbose url resolving [ 'http://registry.npmjs.org/', './grunt-contrib-imagemin' ]
276 verbose url resolved http://registry.npmjs.org/grunt-contrib-imagemin
277 info trying registry request attempt 1 at 20:38:26
278 verbose etag "46NICVAEU2ZX6HI3O0D2NXSMA"
279 http GET http://registry.npmjs.org/grunt-contrib-imagemin
280 verbose url raw grunt-contrib-watch
281 verbose url resolving [ 'http://registry.npmjs.org/', './grunt-contrib-watch' ]
282 verbose url resolved http://registry.npmjs.org/grunt-contrib-watch
283 info trying registry request attempt 1 at 20:38:26
284 verbose etag "ACKJ1NUTLUDXY10JI09HUQ2AI"
285 http GET http://registry.npmjs.org/grunt-contrib-watch
286 verbose url raw grunt-rev
287 verbose url resolving [ 'http://registry.npmjs.org/', './grunt-rev' ]
288 verbose url resolved http://registry.npmjs.org/grunt-rev
289 info trying registry request attempt 1 at 20:38:26
290 verbose etag "5EP12JICVDEQCHYUDOJXNOI86"
291 http GET http://registry.npmjs.org/grunt-rev
292 verbose url raw grunt-autoprefixer
293 verbose url resolving [ 'http://registry.npmjs.org/', './grunt-autoprefixer' ]
294 verbose url resolved http://registry.npmjs.org/grunt-autoprefixer
295 info trying registry request attempt 1 at 20:38:26
296 verbose etag "1GNZ6RAPQMRO7IA0BPFVNQAF3"
297 http GET http://registry.npmjs.org/grunt-autoprefixer
298 verbose url raw grunt-usemin
299 verbose url resolving [ 'http://registry.npmjs.org/', './grunt-usemin' ]
300 verbose url resolved http://registry.npmjs.org/grunt-usemin
301 info trying registry request attempt 1 at 20:38:26
302 verbose etag "8VA2M9NE26KH7LRA1XQ8W73R3"
303 http GET http://registry.npmjs.org/grunt-usemin
304 verbose url raw grunt-mocha
305 verbose url resolving [ 'http://registry.npmjs.org/', './grunt-mocha' ]
306 verbose url resolved http://registry.npmjs.org/grunt-mocha
307 info trying registry request attempt 1 at 20:38:26
308 verbose etag "EE19ZKFZZOVGSVW18PUIFUX9Q"
309 http GET http://registry.npmjs.org/grunt-mocha
310 verbose url raw grunt-contrib-connect
311 verbose url resolving [ 'http://registry.npmjs.org/', './grunt-contrib-connect' ]
312 verbose url resolved http://registry.npmjs.org/grunt-contrib-connect
313 info trying registry request attempt 1 at 20:38:26
314 verbose etag "8IPORREVKAP8OOMWK2UX1YU4I"
315 http GET http://registry.npmjs.org/grunt-contrib-connect
316 verbose url raw grunt-newer
317 verbose url resolving [ 'http://registry.npmjs.org/', './grunt-newer' ]
318 verbose url resolved http://registry.npmjs.org/grunt-newer
319 info trying registry request attempt 1 at 20:38:26
320 verbose etag "3WGRMIRSOQQKFVTTEVVF2WRDI"
321 http GET http://registry.npmjs.org/grunt-newer
322 verbose url raw grunt-svgmin
323 verbose url resolving [ 'http://registry.npmjs.org/', './grunt-svgmin' ]
324 verbose url resolved http://registry.npmjs.org/grunt-svgmin
325 info trying registry request attempt 1 at 20:38:26
326 verbose etag "D3Z1I3AL7TSDW73H7JKC72DVU"
327 http GET http://registry.npmjs.org/grunt-svgmin
328 verbose url raw grunt-concurrent
329 verbose url resolving [ 'http://registry.npmjs.org/', './grunt-concurrent' ]
330 verbose url resolved http://registry.npmjs.org/grunt-concurrent
331 info trying registry request attempt 1 at 20:38:26
332 verbose etag "4G2WUTLYZQX6VSXO3S317IN7B"
333 http GET http://registry.npmjs.org/grunt-concurrent
334 verbose url raw load-grunt-tasks
335 verbose url resolving [ 'http://registry.npmjs.org/', './load-grunt-tasks' ]
336 verbose url resolved http://registry.npmjs.org/load-grunt-tasks
337 info trying registry request attempt 1 at 20:38:26
338 verbose etag "4CWEQIZ9E104NJO8OZS01GGE3"
339 http GET http://registry.npmjs.org/load-grunt-tasks
340 verbose url raw time-grunt
341 verbose url resolving [ 'http://registry.npmjs.org/', './time-grunt' ]
342 verbose url resolved http://registry.npmjs.org/time-grunt
343 info trying registry request attempt 1 at 20:38:26
344 verbose etag "8U2XYMM0H0LTCOK0EWHS7N5D3"
345 http GET http://registry.npmjs.org/time-grunt
346 verbose url raw jshint-stylish
347 verbose url resolving [ 'http://registry.npmjs.org/', './jshint-stylish' ]
348 verbose url resolved http://registry.npmjs.org/jshint-stylish
349 info trying registry request attempt 1 at 20:38:26
350 verbose etag "24XQK3SUAEJIAI32TYXI3X6DM"
351 http GET http://registry.npmjs.org/jshint-stylish
352 verbose url raw grunt
353 verbose url resolving [ 'http://registry.npmjs.org/', './grunt' ]
354 verbose url resolved http://registry.npmjs.org/grunt
355 info trying registry request attempt 1 at 20:38:26
356 verbose etag "CV5M8OXJ8LVRDQVLH2FXDNTGF"
357 http GET http://registry.npmjs.org/grunt
358 verbose url raw grunt-contrib-copy
359 verbose url resolving [ 'http://registry.npmjs.org/', './grunt-contrib-copy' ]
360 verbose url resolved http://registry.npmjs.org/grunt-contrib-copy
361 info trying registry request attempt 1 at 20:38:26
362 verbose etag "CMRGFBOCE1YQXT7EUV003BB53"
363 http GET http://registry.npmjs.org/grunt-contrib-copy
364 http 304 http://registry.npmjs.org/grunt-contrib-clean
365 silly registry.get cb [ 304,
365 silly registry.get   { date: 'Tue, 03 Jun 2014 01:38:27 GMT',
365 silly registry.get     via: '1.1 varnish',
365 silly registry.get     'last-modified': 'Tue, 03 Jun 2014 01:38:27 GMT',
365 silly registry.get     'cache-control': 'max-age=1',
365 silly registry.get     etag: '"5OXLRBMZ7YNK1KT4N5P22PGDI"',
365 silly registry.get     connection: 'keep-alive',
365 silly registry.get     'x-served-by': 'cache-jfk1023-JFK',
365 silly registry.get     'x-cache': 'HIT',
365 silly registry.get     'x-cache-hits': '1',
365 silly registry.get     'x-timer': 'S1401759507.049569,VS0,VE6',
365 silly registry.get     vary: 'Accept' } ]
366 verbose etag grunt-contrib-clean from cache
367 http 304 http://registry.npmjs.org/grunt-contrib-uglify
368 silly registry.get cb [ 304,
368 silly registry.get   { date: 'Tue, 03 Jun 2014 01:38:27 GMT',
368 silly registry.get     via: '1.1 varnish',
368 silly registry.get     'last-modified': 'Tue, 03 Jun 2014 01:38:27 GMT',
368 silly registry.get     'cache-control': 'max-age=1',
368 silly registry.get     etag: '"7R89FSU03GS9NTOUJNBKJWWI3"',
368 silly registry.get     connection: 'keep-alive',
368 silly registry.get     'x-served-by': 'cache-jfk1033-JFK',
368 silly registry.get     'x-cache': 'HIT',
368 silly registry.get     'x-cache-hits': '1',
368 silly registry.get     'x-timer': 'S1401759507.064243,VS0,VE20',
368 silly registry.get     vary: 'Accept' } ]
369 verbose etag grunt-contrib-uglify from cache
370 silly addNameRange number 2 { name: 'grunt-contrib-clean',
370 silly addNameRange   range: '>=0.5.0-0 <0.6.0-0',
370 silly addNameRange   hasData: true }
371 silly addNameRange versions [ 'grunt-contrib-clean',
371 silly addNameRange   [ '0.1.0',
371 silly addNameRange     '0.2.0',
371 silly addNameRange     '0.3.0',
371 silly addNameRange     '0.3.1',
371 silly addNameRange     '0.3.2',
371 silly addNameRange     '0.4.0',
371 silly addNameRange     '0.4.1',
371 silly addNameRange     '0.5.0',
371 silly addNameRange     '0.4.0-a',
371 silly addNameRange     '0.4.0-rc5',
371 silly addNameRange     '0.4.0-rc6' ] ]
372 verbose addNamed [ 'grunt-contrib-clean', '0.5.0' ]
373 verbose addNamed [ '0.5.0', '0.5.0' ]
374 silly lockFile 9e0b1814-grunt-contrib-clean-0-5-0 grunt-contrib-clean@0.5.0
375 verbose lock grunt-contrib-clean@0.5.0 /home/cquin22/.npm/9e0b1814-grunt-contrib-clean-0-5-0.lock
376 silly addNameRange number 2 { name: 'grunt-contrib-uglify',
376 silly addNameRange   range: '>=0.2.0-0 <0.3.0-0',
376 silly addNameRange   hasData: true }
377 silly addNameRange versions [ 'grunt-contrib-uglify',
377 silly addNameRange   [ '0.1.0',
377 silly addNameRange     '0.1.1',
377 silly addNameRange     '0.1.2',
377 silly addNameRange     '0.2.0',
377 silly addNameRange     '0.2.1',
377 silly addNameRange     '0.2.2',
377 silly addNameRange     '0.2.3',
377 silly addNameRange     '0.2.4',
377 silly addNameRange     '0.2.5',
377 silly addNameRange     '0.2.6',
377 silly addNameRange     '0.2.7',
377 silly addNameRange     '0.3.0',
377 silly addNameRange     '0.3.1',
377 silly addNameRange     '0.1.1-rc5',
377 silly addNameRange     '0.1.1-rc6',
377 silly addNameRange     '0.3.2',
377 silly addNameRange     '0.3.3',
377 silly addNameRange     '0.4.0' ] ]
378 verbose addNamed [ 'grunt-contrib-uglify', '0.2.7' ]
379 verbose addNamed [ '0.2.7', '0.2.7' ]
380 silly lockFile 480328f6-grunt-contrib-uglify-0-2-7 grunt-contrib-uglify@0.2.7
381 verbose lock grunt-contrib-uglify@0.2.7 /home/cquin22/.npm/480328f6-grunt-contrib-uglify-0-2-7.lock
382 silly lockFile a2d64388-an-grunt-contrib-clean-0-5-0-tgz http://registry.npmjs.org/grunt-contrib-clean/-/grunt-contrib-clean-0.5.0.tgz
383 verbose lock http://registry.npmjs.org/grunt-contrib-clean/-/grunt-contrib-clean-0.5.0.tgz /home/cquin22/.npm/a2d64388-an-grunt-contrib-clean-0-5-0-tgz.lock
384 verbose addRemoteTarball [ 'http://registry.npmjs.org/grunt-contrib-clean/-/grunt-contrib-clean-0.5.0.tgz',
384 verbose addRemoteTarball   'f53dfdee0849b1c7b40e9ebbba69f48c4c6079c5' ]
385 silly lockFile 513a6aa1-y-grunt-contrib-uglify-0-2-7-tgz http://registry.npmjs.org/grunt-contrib-uglify/-/grunt-contrib-uglify-0.2.7.tgz
386 verbose lock http://registry.npmjs.org/grunt-contrib-uglify/-/grunt-contrib-uglify-0.2.7.tgz /home/cquin22/.npm/513a6aa1-y-grunt-contrib-uglify-0-2-7-tgz.lock
387 verbose addRemoteTarball [ 'http://registry.npmjs.org/grunt-contrib-uglify/-/grunt-contrib-uglify-0.2.7.tgz',
387 verbose addRemoteTarball   'e6bda51e0c40a1459f6cead423c65efd725a1bf7' ]
388 silly lockFile a2d64388-an-grunt-contrib-clean-0-5-0-tgz http://registry.npmjs.org/grunt-contrib-clean/-/grunt-contrib-clean-0.5.0.tgz
389 silly lockFile a2d64388-an-grunt-contrib-clean-0-5-0-tgz http://registry.npmjs.org/grunt-contrib-clean/-/grunt-contrib-clean-0.5.0.tgz
390 silly lockFile 9e0b1814-grunt-contrib-clean-0-5-0 grunt-contrib-clean@0.5.0
391 silly lockFile 9e0b1814-grunt-contrib-clean-0-5-0 grunt-contrib-clean@0.5.0
392 silly lockFile 83f743bc-grunt-contrib-clean-0-5-0 grunt-contrib-clean@~0.5.0
393 silly lockFile 83f743bc-grunt-contrib-clean-0-5-0 grunt-contrib-clean@~0.5.0
394 silly lockFile 513a6aa1-y-grunt-contrib-uglify-0-2-7-tgz http://registry.npmjs.org/grunt-contrib-uglify/-/grunt-contrib-uglify-0.2.7.tgz
395 silly lockFile 513a6aa1-y-grunt-contrib-uglify-0-2-7-tgz http://registry.npmjs.org/grunt-contrib-uglify/-/grunt-contrib-uglify-0.2.7.tgz
396 error Error: EACCES, mkdir '/home/cquin22/tmp/npm-3273-gex_zgBP'
396 error  { [Error: EACCES, mkdir '/home/cquin22/tmp/npm-3273-gex_zgBP']
396 error   errno: 3,
396 error   code: 'EACCES',
396 error   path: '/home/cquin22/tmp/npm-3273-gex_zgBP',
396 error   parent: 'ppscort' }
397 error Please try running this command again as root/Administrator.
398 error System Linux 3.11.0-18-generic
399 error command "/usr/bin/node" "/usr/bin/npm" "install"
400 error cwd /media/Datos/Proyectos/ppScort
401 error node -v v0.10.26
402 error npm -v 1.4.3
403 error path /home/cquin22/tmp/npm-3273-gex_zgBP
404 error code EACCES
405 error errno 3
406 error stack Error: EACCES, mkdir '/home/cquin22/tmp/npm-3273-gex_zgBP'
407 verbose exit [ 3, true ]
